<?xml version="1.0" encoding="UTF-8"?>
<Site BuildName="Linux-g++"
	BuildStamp="20240403-0542-Experimental"
	Name="fedora"
	Generator="ctest-3.27.7"
	CompilerName="/usr/bin/g++"
	CompilerVersion="13.2.1"
	OSName="Linux"
	Hostname="fedora"
	OSRelease="6.7.10-200.fc39.x86_64"
	OSVersion="#1 SMP PREEMPT_DYNAMIC Mon Mar 18 18:56:52 UTC 2024"
	OSPlatform="x86_64"
	Is64Bits="1"
	VendorString="GenuineIntel"
	VendorID="Intel Corporation"
	FamilyID="6"
	ModelID="142"
	ProcessorCacheSize="4096"
	NumberOfLogicalCPU="4"
	NumberOfPhysicalCPU="2"
	TotalVirtualMemory="8191"
	TotalPhysicalMemory="15868"
	LogicalProcessorsPerPhysical="2"
	ProcessorClockFrequency="3500.03"
	>
	<Testing>
		<StartDateTime>Apr 03 07:42 CEST</StartDateTime>
		<StartTestTime>1712122953</StartTestTime>
		<TestList/>
		<EndDateTime>Apr 03 07:42 CEST</EndDateTime>
		<EndTestTime>1712122953</EndTestTime>
		<ElapsedMinutes>0</ElapsedMinutes>
	</Testing>
</Site>
